{"level":"info","message":"The server has been initiated at PORT 4000","timestamp":"2020-11-06 13:39:57"}
{"level":"info","message":"Successfully connected to MongoDB","timestamp":"2020-11-06 13:39:58"}
{"level":"info","message":"The server has been initiated at PORT 4000","timestamp":"2020-11-06 13:44:42"}
{"level":"info","message":"Successfully connected to MongoDB","timestamp":"2020-11-06 13:44:42"}
{"level":"info","message":"The API has started working!","timestamp":"2020-11-06 13:45:10"}
{"level":"info","message":"The server has been initiated at PORT 4000","timestamp":"2020-11-06 14:27:31"}
{"level":"info","message":"Successfully connected to MongoDB","timestamp":"2020-11-06 14:27:31"}
{"level":"info","message":"The server has been initiated at PORT: HOSTNAME 4000 0.0.0.0","timestamp":"2020-11-06 14:37:30"}
{"level":"info","message":"Successfully connected to MongoDB","timestamp":"2020-11-06 14:37:30"}
{"level":"info","message":"The server has been initiated at PORT: HOSTNAME 4000 0.0.0.0","timestamp":"2020-11-06 14:39:26"}
{"level":"info","message":"Successfully connected to MongoDB","timestamp":"2020-11-06 14:39:26"}
{"level":"info","message":"The server has been initiated at PORT: HOSTNAME 3000 0.0.0.0","timestamp":"2020-11-06 14:51:55"}
{"level":"info","message":"Successfully connected to MongoDB","timestamp":"2020-11-06 14:51:55"}
{"level":"info","message":"The server has been initiated at PORT: HOSTNAME 5000 0.0.0.0","timestamp":"2020-11-06 14:58:04"}
{"level":"info","message":"Successfully connected to MongoDB","timestamp":"2020-11-06 14:58:04"}
{"level":"info","message":"The API has started working!","timestamp":"2020-11-06 14:58:15"}
{"level":"info","message":"The server has been initiated at PORT: HOSTNAME 5000 0.0.0.0","timestamp":"2020-11-06 15:01:48"}
{"level":"info","message":"Successfully connected to MongoDB","timestamp":"2020-11-06 15:01:48"}
{"level":"info","message":"The API has started working!","timestamp":"2020-11-06 15:01:59"}
{"level":"info","message":"The server has been initiated at PORT: HOSTNAME 5000 0.0.0.0","timestamp":"2020-11-06 15:05:40"}
{"level":"info","message":"Successfully connected to MongoDB","timestamp":"2020-11-06 15:05:40"}
{"level":"info","message":"The API has started working!","timestamp":"2020-11-06 15:06:11"}
{"level":"info","message":"The server has been initiated at PORT: HOSTNAME 5000 0.0.0.0","timestamp":"2020-11-06 16:01:10"}
{"level":"info","message":"Successfully connected to MongoDB","timestamp":"2020-11-06 16:01:10"}
{"level":"info","message":"The API has started working!","timestamp":"2020-11-06 16:02:40"}
{"level":"info","message":"The API has started working!","timestamp":"2020-11-06 16:30:22"}
{"level":"info","message":"The API has started working!","timestamp":"2020-11-06 23:24:24"}
{"level":"info","message":"The API has started working!","timestamp":"2020-11-06 23:24:24"}
{"level":"info","message":"The API has started working!","timestamp":"2020-11-07 04:01:42"}
{"level":"info","message":"The API has started working!","timestamp":"2020-11-07 04:01:42"}
{"level":"info","message":"The API has started working!","timestamp":"2020-11-07 04:03:44"}
{"level":"info","message":"The API has started working!","timestamp":"2020-11-07 09:11:28"}
{"level":"info","message":"The API has started working!","timestamp":"2020-11-07 10:17:42"}
{"level":"info","message":"The API has started working!","timestamp":"2020-11-07 13:01:52"}
{"level":"info","message":"The API has started working!","timestamp":"2020-11-07 16:35:07"}
{"level":"info","message":"The API has started working!","timestamp":"2020-11-07 16:35:07"}
{"level":"info","message":"The API has started working!","timestamp":"2020-11-07 21:13:35"}
{"level":"info","message":"The API has started working!","timestamp":"2020-11-08 16:12:05"}
{"level":"info","message":"The API has started working!","timestamp":"2020-11-08 16:12:05"}
{"level":"info","message":"The API has started working!","timestamp":"2020-11-08 20:45:39"}
{"level":"info","message":"The API has started working!","timestamp":"2020-11-08 23:05:28"}
{"level":"info","message":"The API has started working!","timestamp":"2020-11-08 23:05:32"}
{"level":"info","message":"The API has started working!","timestamp":"2020-11-09 01:14:45"}
{"level":"info","message":"The API has started working!","timestamp":"2020-11-09 04:46:26"}
{"level":"info","message":"The server has been initiated at PORT: HOSTNAME 5000 0.0.0.0","timestamp":"2020-11-09 07:44:11"}
{"level":"info","message":"Successfully connected to MongoDB","timestamp":"2020-11-09 07:44:11"}
{"level":"error","timestamp":"2020-11-09 08:01:03"}
{"level":"error","timestamp":"2020-11-09 08:01:05"}
{"level":"error","timestamp":"2020-11-09 08:01:16"}
